# JRE version: 7.0_09-b05
# Java VM: Java HotSpot(TM) Client VM (23.5-b02 mixed mode windows-x86 )
Heap
 def new generation   total 118016K, used 23539K [0x04370000, 0x0c370000, 0x24370000)
  eden space 104960K,  12% used [0x04370000, 0x0505f8a8, 0x0a9f0000)
  from space 13056K,  78% used [0x0b6b0000, 0x0c0bd578, 0x0c370000)
  to   space 13056K,   0% used [0x0a9f0000, 0x0a9f0000, 0x0b6b0000)
 tenured generation   total 193664K, used 136983K [0x24370000, 0x30090000, 0x44370000)
   the space 193664K,  70% used [0x24370000, 0x2c935f90, 0x2c936000, 0x30090000)
 compacting perm gen  total 12288K, used 9956K [0x44370000, 0x44f70000, 0x48370000)
   the space 12288K,  81% used [0x44370000, 0x44d293c8, 0x44d29400, 0x44f70000)
GC Heap History (10 events):
Event: 16.613 GC heap before
{Heap before GC invocations=32 (full 10):
 def new generation   total 118016K, used 117420K [0x04370000, 0x0c370000, 0x24370000)
  eden space 104960K, 100% used [0x04370000, 0x0a9f0000, 0x0a9f0000)
  from space 13056K,  95% used [0x0a9f0000, 0x0b61b370, 0x0b6b0000)
  to   space 13056K,   0% used [0x0b6b0000, 0x0b6b0000, 0x0c370000)
 tenured generation   total 193664K, used 99420K [0x24370000, 0x30090000, 0x44370000)
   the space 193664K,  51% used [0x24370000, 0x2a487198, 0x2a487200, 0x30090000)
 compacting perm gen  total 12288K, used 9954K [0x44370000, 0x44f70000, 0x48370000)
   the space 12288K,  81% used [0x44370000, 0x44d28940, 0x44d28a00, 0x44f70000)
No shared spaces configured.
Event: 16.623 GC heap after
Heap after GC invocations=33 (full 10):
 def new generation   total 118016K, used 10296K [0x04370000, 0x0c370000, 0x24370000)
  eden space 104960K,   0% used [0x04370000, 0x04370000, 0x0a9f0000)
  from space 13056K,  78% used [0x0b6b0000, 0x0c0be158, 0x0c370000)
  to   space 13056K,   0% used [0x0a9f0000, 0x0a9f0000, 0x0b6b0000)
 tenured generation   total 193664K, used 141654K [0x24370000, 0x30090000, 0x44370000)
   the space 193664K,  73% used [0x24370000, 0x2cdc59f8, 0x2cdc5a00, 0x30090000)
 compacting perm gen  total 12288K, used 9954K [0x44370000, 0x44f70000, 0x48370000)
   the space 12288K,  81% used [0x44370000, 0x44d28940, 0x44d28a00, 0x44f70000)
No shared spaces configured.
}
Event: 16.897 GC heap before
{Heap before GC invocations=33 (full 10):
 def new generation   total 118016K, used 114622K [0x04370000, 0x0c370000, 0x24370000)
  eden space 104960K,  99% used [0x04370000, 0x0a951828, 0x0a9f0000)
  from space 13056K,  78% used [0x0b6b0000, 0x0c0be158, 0x0c370000)
  to   space 13056K,   0% used [0x0a9f0000, 0x0a9f0000, 0x0b6b0000)
 tenured generation   total 193664K, used 141654K [0x24370000, 0x30090000, 0x44370000)
   the space 193664K,  73% used [0x24370000, 0x2cdc59f8, 0x2cdc5a00, 0x30090000)
 compacting perm gen  total 12288K, used 9954K [0x44370000, 0x44f70000, 0x48370000)
   the space 12288K,  81% used [0x44370000, 0x44d28960, 0x44d28a00, 0x44f70000)
No shared spaces configured.
Event: 16.907 GC heap after
Heap after GC invocations=34 (full 10):
 def new generation   total 118016K, used 10297K [0x04370000, 0x0c370000, 0x24370000)
  eden space 104960K,   0% used [0x04370000, 0x04370000, 0x0a9f0000)
  from space 13056K,  78% used [0x0a9f0000, 0x0b3fe7f0, 0x0b6b0000)
  to   space 13056K,   0% used [0x0b6b0000, 0x0b6b0000, 0x0c370000)
 tenured generation   total 193664K, used 185231K [0x24370000, 0x30090000, 0x44370000)
   the space 193664K,  95% used [0x24370000, 0x2f853d90, 0x2f853e00, 0x30090000)
 compacting perm gen  total 12288K, used 9954K [0x44370000, 0x44f70000, 0x48370000)
   the space 12288K,  81% used [0x44370000, 0x44d28960, 0x44d28a00, 0x44f70000)
No shared spaces configured.
}
Event: 17.075 GC heap before
{Heap before GC invocations=34 (full 10):
 def new generation   total 118016K, used 114202K [0x04370000, 0x0c370000, 0x24370000)
  eden space 104960K,  98% used [0x04370000, 0x0a8e8038, 0x0a9f0000)
  from space 13056K,  78% used [0x0a9f0000, 0x0b3fe7f0, 0x0b6b0000)
  to   space 13056K,   0% used [0x0b6b0000, 0x0b6b0000, 0x0c370000)
 tenured generation   total 193664K, used 185231K [0x24370000, 0x30090000, 0x44370000)
   the space 193664K,  95% used [0x24370000, 0x2f853d90, 0x2f853e00, 0x30090000)
 compacting perm gen  total 12288K, used 9954K [0x44370000, 0x44f70000, 0x48370000)
   the space 12288K,  81% used [0x44370000, 0x44d28960, 0x44d28a00, 0x44f70000)
No shared spaces configured.
Event: 17.122 GC heap after
Heap after GC invocations=35 (full 11):
 def new generation   total 118016K, used 0K [0x04370000, 0x0c370000, 0x24370000)
  eden space 104960K,   0% used [0x04370000, 0x04370000, 0x0a9f0000)
  from space 13056K,   0% used [0x0b6b0000, 0x0b6b0000, 0x0c370000)
  to   space 13056K,   0% used [0x0a9f0000, 0x0a9f0000, 0x0b6b0000)
 tenured generation   total 193664K, used 94460K [0x24370000, 0x30090000, 0x44370000)
   the space 193664K,  48% used [0x24370000, 0x29faf318, 0x29faf400, 0x30090000)
 compacting perm gen  total 12288K, used 9954K [0x44370000, 0x44f70000, 0x48370000)
   the space 12288K,  81% used [0x44370000, 0x44d28960, 0x44d28a00, 0x44f70000)
No shared spaces configured.
}
Event: 17.359 GC heap before
{Heap before GC invocations=35 (full 11):
 def new generation   total 118016K, used 103442K [0x04370000, 0x0c370000, 0x24370000)
  eden space 104960K,  98% used [0x04370000, 0x0a874b90, 0x0a9f0000)
  from space 13056K,   0% used [0x0b6b0000, 0x0b6b0000, 0x0c370000)
  to   space 13056K,   0% used [0x0a9f0000, 0x0a9f0000, 0x0b6b0000)
 tenured generation   total 193664K, used 94460K [0x24370000, 0x30090000, 0x44370000)
   the space 193664K,  48% used [0x24370000, 0x29faf318, 0x29faf400, 0x30090000)
 compacting perm gen  total 12288K, used 9954K [0x44370000, 0x44f70000, 0x48370000)
   the space 12288K,  81% used [0x44370000, 0x44d28960, 0x44d28a00, 0x44f70000)
No shared spaces configured.
Event: 17.366 GC heap after
Heap after GC invocations=36 (full 11):
 def new generation   total 118016K, used 11842K [0x04370000, 0x0c370000, 0x24370000)
  eden space 104960K,   0% used [0x04370000, 0x04370000, 0x0a9f0000)
  from space 13056K,  90% used [0x0a9f0000, 0x0b580938, 0x0b6b0000)
  to   space 13056K,   0% used [0x0b6b0000, 0x0b6b0000, 0x0c370000)
 tenured generation   total 193664K, used 122641K [0x24370000, 0x30090000, 0x44370000)
   the space 193664K,  63% used [0x24370000, 0x2bb34558, 0x2bb34600, 0x30090000)
 compacting perm gen  total 12288K, used 9954K [0x44370000, 0x44f70000, 0x48370000)
   the space 12288K,  81% used [0x44370000, 0x44d28960, 0x44d28a00, 0x44f70000)
No shared spaces configured.
}
Event: 17.569 GC heap before
{Heap before GC invocations=36 (full 11):
 def new generation   total 118016K, used 111153K [0x04370000, 0x0c370000, 0x24370000)
  eden space 104960K,  94% used [0x04370000, 0x0a46bd58, 0x0a9f0000)
  from space 13056K,  90% used [0x0a9f0000, 0x0b580938, 0x0b6b0000)
  to   space 13056K,   0% used [0x0b6b0000, 0x0b6b0000, 0x0c370000)
 tenured generation   total 193664K, used 122641K [0x24370000, 0x30090000, 0x44370000)
   the space 193664K,  63% used [0x24370000, 0x2bb34558, 0x2bb34600, 0x30090000)
 compacting perm gen  total 12288K, used 9956K [0x44370000, 0x44f70000, 0x48370000)
   the space 12288K,  81% used [0x44370000, 0x44d293c8, 0x44d29400, 0x44f70000)
No shared spaces configured.
Event: 17.575 GC heap after
Heap after GC invocations=37 (full 11):
 def new generation   total 118016K, used 10293K [0x04370000, 0x0c370000, 0x24370000)
  eden space 104960K,   0% used [0x04370000, 0x04370000, 0x0a9f0000)
  from space 13056K,  78% used [0x0b6b0000, 0x0c0bd578, 0x0c370000)
  to   space 13056K,   0% used [0x0a9f0000, 0x0a9f0000, 0x0b6b0000)
 tenured generation   total 193664K, used 136983K [0x24370000, 0x30090000, 0x44370000)
   the space 193664K,  70% used [0x24370000, 0x2c935f90, 0x2c936000, 0x30090000)
 compacting perm gen  total 12288K, used 9956K [0x44370000, 0x44f70000, 0x48370000)
   the space 12288K,  81% used [0x44370000, 0x44d293c8, 0x44d29400, 0x44f70000)
No shared spaces configured.
}

