# JRE version: 7.0_09-b05
# Java VM: Java HotSpot(TM) Client VM (23.5-b02 mixed mode windows-x86 )
Heap
 def new generation   total 118016K, used 80592K [0x04170000, 0x0c170000, 0x24170000)
  eden space 104960K,  65% used [0x04170000, 0x084fc408, 0x0a7f0000)
  from space 13056K,  87% used [0x0b4b0000, 0x0bfd7f68, 0x0c170000)
  to   space 13056K,   0% used [0x0a7f0000, 0x0a7f0000, 0x0b4b0000)
 tenured generation   total 190736K, used 166272K [0x24170000, 0x2fbb4000, 0x44170000)
   the space 190736K,  87% used [0x24170000, 0x2e3d0310, 0x2e3d0400, 0x2fbb4000)
 compacting perm gen  total 12288K, used 9879K [0x44170000, 0x44d70000, 0x48170000)
   the space 12288K,  80% used [0x44170000, 0x44b15e28, 0x44b16000, 0x44d70000)
GC Heap History (10 events):
Event: 17.477 GC heap before
{Heap before GC invocations=34 (full 10):
 def new generation   total 118016K, used 104960K [0x04170000, 0x0c170000, 0x24170000)
  eden space 104960K, 100% used [0x04170000, 0x0a7f0000, 0x0a7f0000)
  from space 13056K,   0% used [0x0a7f0000, 0x0a7f0000, 0x0b4b0000)
  to   space 13056K,   0% used [0x0b4b0000, 0x0b4b0000, 0x0c170000)
 tenured generation   total 190736K, used 78537K [0x24170000, 0x2fbb4000, 0x44170000)
   the space 190736K,  41% used [0x24170000, 0x28e224f8, 0x28e22600, 0x2fbb4000)
 compacting perm gen  total 12288K, used 9877K [0x44170000, 0x44d70000, 0x48170000)
   the space 12288K,  80% used [0x44170000, 0x44b154e0, 0x44b15600, 0x44d70000)
No shared spaces configured.
Event: 17.484 GC heap after
Heap after GC invocations=35 (full 10):
 def new generation   total 118016K, used 10294K [0x04170000, 0x0c170000, 0x24170000)
  eden space 104960K,   0% used [0x04170000, 0x04170000, 0x0a7f0000)
  from space 13056K,  78% used [0x0b4b0000, 0x0bebd8d0, 0x0c170000)
  to   space 13056K,   0% used [0x0a7f0000, 0x0a7f0000, 0x0b4b0000)
 tenured generation   total 190736K, used 108478K [0x24170000, 0x2fbb4000, 0x44170000)
   the space 190736K,  56% used [0x24170000, 0x2ab5fb38, 0x2ab5fc00, 0x2fbb4000)
 compacting perm gen  total 12288K, used 9877K [0x44170000, 0x44d70000, 0x48170000)
   the space 12288K,  80% used [0x44170000, 0x44b154e0, 0x44b15600, 0x44d70000)
No shared spaces configured.
}
Event: 17.710 GC heap before
{Heap before GC invocations=35 (full 10):
 def new generation   total 118016K, used 115254K [0x04170000, 0x0c170000, 0x24170000)
  eden space 104960K, 100% used [0x04170000, 0x0a7f0000, 0x0a7f0000)
  from space 13056K,  78% used [0x0b4b0000, 0x0bebd8d0, 0x0c170000)
  to   space 13056K,   0% used [0x0a7f0000, 0x0a7f0000, 0x0b4b0000)
 tenured generation   total 190736K, used 108478K [0x24170000, 0x2fbb4000, 0x44170000)
   the space 190736K,  56% used [0x24170000, 0x2ab5fb38, 0x2ab5fc00, 0x2fbb4000)
 compacting perm gen  total 12288K, used 9877K [0x44170000, 0x44d70000, 0x48170000)
   the space 12288K,  80% used [0x44170000, 0x44b154e0, 0x44b15600, 0x44d70000)
No shared spaces configured.
Event: 17.720 GC heap after
Heap after GC invocations=36 (full 10):
 def new generation   total 118016K, used 10297K [0x04170000, 0x0c170000, 0x24170000)
  eden space 104960K,   0% used [0x04170000, 0x04170000, 0x0a7f0000)
  from space 13056K,  78% used [0x0a7f0000, 0x0b1fe488, 0x0b4b0000)
  to   space 13056K,   0% used [0x0b4b0000, 0x0b4b0000, 0x0c170000)
 tenured generation   total 190736K, used 148542K [0x24170000, 0x2fbb4000, 0x44170000)
   the space 190736K,  77% used [0x24170000, 0x2d27fbf0, 0x2d27fc00, 0x2fbb4000)
 compacting perm gen  total 12288K, used 9877K [0x44170000, 0x44d70000, 0x48170000)
   the space 12288K,  80% used [0x44170000, 0x44b154e0, 0x44b15600, 0x44d70000)
No shared spaces configured.
}
Event: 17.938 GC heap before
{Heap before GC invocations=36 (full 10):
 def new generation   total 118016K, used 110289K [0x04170000, 0x0c170000, 0x24170000)
  eden space 104960K,  95% used [0x04170000, 0x0a315fb0, 0x0a7f0000)
  from space 13056K,  78% used [0x0a7f0000, 0x0b1fe488, 0x0b4b0000)
  to   space 13056K,   0% used [0x0b4b0000, 0x0b4b0000, 0x0c170000)
 tenured generation   total 190736K, used 148542K [0x24170000, 0x2fbb4000, 0x44170000)
   the space 190736K,  77% used [0x24170000, 0x2d27fbf0, 0x2d27fc00, 0x2fbb4000)
 compacting perm gen  total 12288K, used 9877K [0x44170000, 0x44d70000, 0x48170000)
   the space 12288K,  80% used [0x44170000, 0x44b154e0, 0x44b15600, 0x44d70000)
No shared spaces configured.
Event: 17.972 GC heap after
Heap after GC invocations=37 (full 11):
 def new generation   total 118016K, used 0K [0x04170000, 0x0c170000, 0x24170000)
  eden space 104960K,   0% used [0x04170000, 0x04170000, 0x0a7f0000)
  from space 13056K,   0% used [0x0b4b0000, 0x0b4b0000, 0x0c170000)
  to   space 13056K,   0% used [0x0a7f0000, 0x0a7f0000, 0x0b4b0000)
 tenured generation   total 190736K, used 95091K [0x24170000, 0x2fbb4000, 0x44170000)
   the space 190736K,  49% used [0x24170000, 0x29e4cec8, 0x29e4d000, 0x2fbb4000)
 compacting perm gen  total 12288K, used 9877K [0x44170000, 0x44d70000, 0x48170000)
   the space 12288K,  80% used [0x44170000, 0x44b154e0, 0x44b15600, 0x44d70000)
No shared spaces configured.
}
Event: 18.187 GC heap before
{Heap before GC invocations=37 (full 11):
 def new generation   total 118016K, used 104145K [0x04170000, 0x0c170000, 0x24170000)
  eden space 104960K,  99% used [0x04170000, 0x0a724560, 0x0a7f0000)
  from space 13056K,   0% used [0x0b4b0000, 0x0b4b0000, 0x0c170000)
  to   space 13056K,   0% used [0x0a7f0000, 0x0a7f0000, 0x0b4b0000)
 tenured generation   total 190736K, used 95091K [0x24170000, 0x2fbb4000, 0x44170000)
   the space 190736K,  49% used [0x24170000, 0x29e4cec8, 0x29e4d000, 0x2fbb4000)
 compacting perm gen  total 12288K, used 9877K [0x44170000, 0x44d70000, 0x48170000)
   the space 12288K,  80% used [0x44170000, 0x44b154e0, 0x44b15600, 0x44d70000)
No shared spaces configured.
Event: 18.195 GC heap after
Heap after GC invocations=38 (full 11):
 def new generation   total 118016K, used 10301K [0x04170000, 0x0c170000, 0x24170000)
  eden space 104960K,   0% used [0x04170000, 0x04170000, 0x0a7f0000)
  from space 13056K,  78% used [0x0a7f0000, 0x0b1ff460, 0x0b4b0000)
  to   space 13056K,   0% used [0x0b4b0000, 0x0b4b0000, 0x0c170000)
 tenured generation   total 190736K, used 131725K [0x24170000, 0x2fbb4000, 0x44170000)
   the space 190736K,  69% used [0x24170000, 0x2c213618, 0x2c213800, 0x2fbb4000)
 compacting perm gen  total 12288K, used 9877K [0x44170000, 0x44d70000, 0x48170000)
   the space 12288K,  80% used [0x44170000, 0x44b154e0, 0x44b15600, 0x44d70000)
No shared spaces configured.
}
Event: 18.435 GC heap before
{Heap before GC invocations=38 (full 11):
 def new generation   total 118016K, used 113980K [0x04170000, 0x0c170000, 0x24170000)
  eden space 104960K,  98% used [0x04170000, 0x0a6afdc0, 0x0a7f0000)
  from space 13056K,  78% used [0x0a7f0000, 0x0b1ff460, 0x0b4b0000)
  to   space 13056K,   0% used [0x0b4b0000, 0x0b4b0000, 0x0c170000)
 tenured generation   total 190736K, used 131725K [0x24170000, 0x2fbb4000, 0x44170000)
   the space 190736K,  69% used [0x24170000, 0x2c213618, 0x2c213800, 0x2fbb4000)
 compacting perm gen  total 12288K, used 9877K [0x44170000, 0x44d70000, 0x48170000)
   the space 12288K,  80% used [0x44170000, 0x44b154e0, 0x44b15600, 0x44d70000)
No shared spaces configured.
Event: 18.444 GC heap after
Heap after GC invocations=39 (full 11):
 def new generation   total 118016K, used 11423K [0x04170000, 0x0c170000, 0x24170000)
  eden space 104960K,   0% used [0x04170000, 0x04170000, 0x0a7f0000)
  from space 13056K,  87% used [0x0b4b0000, 0x0bfd7f68, 0x0c170000)
  to   space 13056K,   0% used [0x0a7f0000, 0x0a7f0000, 0x0b4b0000)
 tenured generation   total 190736K, used 166272K [0x24170000, 0x2fbb4000, 0x44170000)
   the space 190736K,  87% used [0x24170000, 0x2e3d0310, 0x2e3d0400, 0x2fbb4000)
 compacting perm gen  total 12288K, used 9877K [0x44170000, 0x44d70000, 0x48170000)
   the space 12288K,  80% used [0x44170000, 0x44b154e0, 0x44b15600, 0x44d70000)
No shared spaces configured.
}

